info it worked if it ends with ok
verbose cli [ 'node', '/usr/bin/npm', 'install', 'http' ]
info using npm@1.1.4
info using node@v0.6.12
verbose config file /home/vagrant/.npmrc
verbose config file /usr/etc/npmrc
verbose config file /usr/share/npm/npmrc
verbose caching /var/www/node_modules/elastical/package.json
verbose cache add [ 'http', null ]
silly cache add: name, spec, args [ undefined, 'http', [ 'http', null ] ]
verbose parsed url { pathname: 'http', path: 'http', href: 'http' }
verbose addNamed [ 'http', '' ]
verbose addNamed [ null, '' ]
silly name, range, hasData [ 'http', '', false ]
verbose raw, before any munging http
verbose url resolving [ 'https://registry.npmjs.org/', './http' ]
verbose url resolved https://registry.npmjs.org/http
http GET https://registry.npmjs.org/http
http 404 https://registry.npmjs.org/http
silly get cb [ 404,
silly get cb   { server: 'CouchDB/1.3.1 (Erlang OTP/R15B03)',
silly get cb     date: 'Wed, 13 Nov 2013 16:37:50 GMT',
silly get cb     'content-type': 'application/json',
silly get cb     'content-length': '52',
silly get cb     'cache-control': 'must-revalidate' } ]
ERR! 404 'http' is not in the npm registry.
ERR! 404 You should bug the author to publish it
ERR! 404 Note that you can also install from a
ERR! 404 tarball, folder, or http url, or git url.
ERR! 
ERR! System Linux 3.2.0-23-generic
ERR! command "node" "/usr/bin/npm" "install" "http"
ERR! cwd /var/www
ERR! node -v v0.6.12
ERR! npm -v 1.1.4
ERR! code E404
ERR! message 404 Not Found: http
ERR! errno {}
verbose exit [ 1, true ]
